<?xml version="1.0" encoding="UTF-8"?>
<testsuite xmlns:xsi="http://www.w3.org/2001/XMLSchema-instance" xsi:noNamespaceSchemaLocation="https://maven.apache.org/surefire/maven-surefire-plugin/xsd/surefire-test-report-3.0.xsd" version="3.0" name="DAA.Assignment1.ClosestPairTest" time="0.308" tests="2" errors="0" skipped="0" failures="0">
  <properties>
    <property name="java.specification.version" value="25"/>
    <property name="sun.cpu.isalist" value="amd64"/>
    <property name="sun.jnu.encoding" value="Cp1251"/>
    <property name="java.class.path" value="C:\Users\kuan2\IdeaProjects\oop\target\test-classes;C:\Users\kuan2\IdeaProjects\oop\target\classes;C:\Users\kuan2\.m2\repository\junit\junit\4.13.2\junit-4.13.2.jar;C:\Users\kuan2\.m2\repository\org\hamcrest\hamcrest-core\1.3\hamcrest-core-1.3.jar;C:\Users\kuan2\.m2\repository\org\junit\jupiter\junit-jupiter\6.0.0-RC3\junit-jupiter-6.0.0-RC3.jar;C:\Users\kuan2\.m2\repository\org\junit\jupiter\junit-jupiter-api\6.0.0-RC3\junit-jupiter-api-6.0.0-RC3.jar;C:\Users\kuan2\.m2\repository\org\opentest4j\opentest4j\1.3.0\opentest4j-1.3.0.jar;C:\Users\kuan2\.m2\repository\org\junit\platform\junit-platform-commons\6.0.0-RC3\junit-platform-commons-6.0.0-RC3.jar;C:\Users\kuan2\.m2\repository\org\apiguardian\apiguardian-api\1.1.2\apiguardian-api-1.1.2.jar;C:\Users\kuan2\.m2\repository\org\jspecify\jspecify\1.0.0\jspecify-1.0.0.jar;C:\Users\kuan2\.m2\repository\org\junit\jupiter\junit-jupiter-params\6.0.0-RC3\junit-jupiter-params-6.0.0-RC3.jar;C:\Users\kuan2\.m2\repository\org\junit\jupiter\junit-jupiter-engine\6.0.0-RC3\junit-jupiter-engine-6.0.0-RC3.jar;C:\Users\kuan2\.m2\repository\org\junit\platform\junit-platform-engine\6.0.0-RC3\junit-platform-engine-6.0.0-RC3.jar;"/>
    <property name="java.vm.vendor" value="Oracle Corporation"/>
    <property name="sun.arch.data.model" value="64"/>
    <property name="user.variant" value=""/>
    <property name="java.vendor.url" value="https://java.oracle.com/"/>
    <property name="user.timezone" value="Asia/Qyzylorda"/>
    <property name="user.country.format" value="KZ"/>
    <property name="os.name" value="Windows 11"/>
    <property name="java.vm.specification.version" value="25"/>
    <property name="sun.java.launcher" value="SUN_STANDARD"/>
    <property name="user.country" value="RU"/>
    <property name="sun.boot.library.path" value="C:\Users\kuan2\Downloads\openjdk-25_windows-x64_bin\jdk-25\bin"/>
    <property name="sun.java.command" value="C:\Users\kuan2\AppData\Local\Temp\surefire2634621733142905472\surefirebooter-20250926174709306_3.jar C:\Users\kuan2\AppData\Local\Temp\surefire2634621733142905472 2025-09-26T17-47-05_292-jvmRun1 surefire-20250926174709306_1tmp surefire_0-20250926174709306_2tmp"/>
    <property name="jdk.debug" value="release"/>
    <property name="surefire.test.class.path" value="C:\Users\kuan2\IdeaProjects\oop\target\test-classes;C:\Users\kuan2\IdeaProjects\oop\target\classes;C:\Users\kuan2\.m2\repository\junit\junit\4.13.2\junit-4.13.2.jar;C:\Users\kuan2\.m2\repository\org\hamcrest\hamcrest-core\1.3\hamcrest-core-1.3.jar;C:\Users\kuan2\.m2\repository\org\junit\jupiter\junit-jupiter\6.0.0-RC3\junit-jupiter-6.0.0-RC3.jar;C:\Users\kuan2\.m2\repository\org\junit\jupiter\junit-jupiter-api\6.0.0-RC3\junit-jupiter-api-6.0.0-RC3.jar;C:\Users\kuan2\.m2\repository\org\opentest4j\opentest4j\1.3.0\opentest4j-1.3.0.jar;C:\Users\kuan2\.m2\repository\org\junit\platform\junit-platform-commons\6.0.0-RC3\junit-platform-commons-6.0.0-RC3.jar;C:\Users\kuan2\.m2\repository\org\apiguardian\apiguardian-api\1.1.2\apiguardian-api-1.1.2.jar;C:\Users\kuan2\.m2\repository\org\jspecify\jspecify\1.0.0\jspecify-1.0.0.jar;C:\Users\kuan2\.m2\repository\org\junit\jupiter\junit-jupiter-params\6.0.0-RC3\junit-jupiter-params-6.0.0-RC3.jar;C:\Users\kuan2\.m2\repository\org\junit\jupiter\junit-jupiter-engine\6.0.0-RC3\junit-jupiter-engine-6.0.0-RC3.jar;C:\Users\kuan2\.m2\repository\org\junit\platform\junit-platform-engine\6.0.0-RC3\junit-platform-engine-6.0.0-RC3.jar;"/>
    <property name="sun.cpu.endian" value="little"/>
    <property name="user.home" value="C:\Users\kuan2"/>
    <property name="user.language" value="ru"/>
    <property name="java.specification.vendor" value="Oracle Corporation"/>
    <property name="java.version.date" value="2025-09-16"/>
    <property name="java.home" value="C:\Users\kuan2\Downloads\openjdk-25_windows-x64_bin\jdk-25"/>
    <property name="file.separator" value="\"/>
    <property name="basedir" value="C:\Users\kuan2\IdeaProjects\oop"/>
    <property name="java.vm.compressedOopsMode" value="32-bit"/>
    <property name="line.separator" value="&#10;"/>
    <property name="java.vm.specification.vendor" value="Oracle Corporation"/>
    <property name="java.specification.name" value="Java Platform API Specification"/>
    <property name="surefire.real.class.path" value="C:\Users\kuan2\AppData\Local\Temp\surefire2634621733142905472\surefirebooter-20250926174709306_3.jar"/>
    <property name="user.script" value=""/>
    <property name="sun.management.compiler" value="HotSpot 64-Bit Tiered Compilers"/>
    <property name="java.runtime.version" value="25+36-3489"/>
    <property name="user.name" value="kuan2"/>
    <property name="stdout.encoding" value="Cp1251"/>
    <property name="path.separator" value=";"/>
    <property name="os.version" value="10.0"/>
    <property name="java.runtime.name" value="OpenJDK Runtime Environment"/>
    <property name="file.encoding" value="UTF-8"/>
    <property name="java.vm.name" value="OpenJDK 64-Bit Server VM"/>
    <property name="localRepository" value="C:\Users\kuan2\.m2\repository"/>
    <property name="java.vendor.url.bug" value="https://bugreport.java.com/bugreport/"/>
    <property name="java.io.tmpdir" value="C:\Users\kuan2\AppData\Local\Temp\"/>
    <property name="java.version" value="25"/>
    <property name="user.dir" value="C:\Users\kuan2\IdeaProjects\oop"/>
    <property name="os.arch" value="amd64"/>
    <property name="java.vm.specification.name" value="Java Virtual Machine Specification"/>
    <property name="sun.os.patch.level" value=""/>
    <property name="native.encoding" value="Cp1251"/>
    <property name="java.library.path" value="C:\Users\kuan2\Downloads\openjdk-25_windows-x64_bin\jdk-25\bin;C:\WINDOWS\Sun\Java\bin;C:\WINDOWS\system32;C:\WINDOWS;C:\Program Files (x86)\Common Files\Oracle\Java\java8path;C:\Program Files (x86)\Common Files\Oracle\Java\javapath;C:\ProgramData\Oracle\Java\javapath;C:\WINDOWS\system32;C:\WINDOWS;C:\WINDOWS\System32\Wbem;C:\WINDOWS\System32\WindowsPowerShell\v1.0\;C:\WINDOWS\System32\OpenSSH\;C:\Program Files\Git\cmd;C:\Program Files\PostgreSQL\17\bin;C:\Users\kuan2\Downloads\apache-maven-3.9.11-bin;C:\Users\kuan2\Downloads\apache-maven-3.9.11-bin (1)\apache-maven-3.9.11\bin;C:\Users\kuan2\Downloads\openjdk-25_windows-x64_bin\jdk-25\bin;C:\Users\kuan2\AppData\Local\Programs\Python\Launcher\;C:\Users\kuan2\AppData\Local\Microsoft\WindowsApps;C:\Users\kuan2\AppData\Local\Programs\Microsoft VS Code\bin;C:\Program Files\JetBrains\IntelliJ IDEA Community Edition 2024.3\bin;;C:\Program Files\JetBrains\PyCharm Community Edition 2024.3\bin;;C:\Users\kuan2\AppData\Local\JetBrains\DataGrip 2024.3.3\bin;;C:\Users\kuan2\Downloads\apache-maven-3.9.11-bin;;."/>
    <property name="java.vm.info" value="mixed mode, sharing"/>
    <property name="stderr.encoding" value="Cp1251"/>
    <property name="java.vendor" value="Oracle Corporation"/>
    <property name="java.vm.version" value="25+36-3489"/>
    <property name="stdin.encoding" value="Cp1251"/>
    <property name="sun.io.unicode.encoding" value="UnicodeLittle"/>
    <property name="java.class.version" value="69.0"/>
  </properties>
  <testcase name="testClosestPairLarge" classname="DAA.Assignment1.ClosestPairTest" time="0.21">
    <system-out><![CDATA[ClosestPair large test done: n=20000
Time (ms): 110.2106
]]></system-out>
  </testcase>
  <testcase name="testClosestPairSmall" classname="DAA.Assignment1.ClosestPairTest" time="0.043">
    <system-out><![CDATA[ClosestPair small test passed: n=500
]]></system-out>
  </testcase>
</testsuite>